mode: set
github.com/C-STYR/go-web1/cmd/web/middleware.go:9.45,19.2 3 1
github.com/C-STYR/go-web1/cmd/web/middleware.go:21.50,23.2 1 1
github.com/C-STYR/go-web1/cmd/web/routes.go:13.49,47.2 18 1
github.com/C-STYR/go-web1/cmd/web/main.go:22.13,25.16 2 0
github.com/C-STYR/go-web1/cmd/web/main.go:29.2,37.16 4 0
github.com/C-STYR/go-web1/cmd/web/main.go:25.16,27.3 1 0
github.com/C-STYR/go-web1/cmd/web/main.go:40.18,58.15 9 1
github.com/C-STYR/go-web1/cmd/web/main.go:63.1,70.12 6 1
github.com/C-STYR/go-web1/cmd/web/main.go:58.15,61.2 2 0
